<?xml version="1.0" encoding="UTF-8"?>
<!-- Generated by org.testng.reporters.JUnitXMLReporter -->
<testsuite ignored="2" hostname="DESKTOP-U7APJPA" failures="0" tests="1" name="Default test-1" time="0.387" errors="0" timestamp="2025-07-25T17:20:39 IST">
  <testcase classname="com.bs.manager.TestManager" name="@BeforeSuite init" time="0.031">
    <failure type="java.lang.NullPointerException" message="Cannot invoke &amp;quot;com.browserstack.v2.instance.AutomationFrameworkInstance.getDriver()&amp;quot; because the return value of &amp;quot;com.browserstack.v2.framework.AutomationFramework.getTrackedInstance()&amp;quot; is null">
      <![CDATA[java.lang.NullPointerException: Cannot invoke "com.browserstack.v2.instance.AutomationFrameworkInstance.getDriver()" because the return value of "com.browserstack.v2.framework.AutomationFramework.getTrackedInstance()" is null
at com.bs.manager.TestManager.init(TestManager.java:28)
at java.base/jdk.internal.reflect.DirectMethodHandleAccessor.invoke(DirectMethodHandleAccessor.java:103)
at java.base/java.lang.reflect.Method.invoke(Method.java:580)
at org.testng.internal.MethodInvocationHelper.invokeMethod(MethodInvocationHelper.java:133)
at org.testng.internal.MethodInvocationHelper.invokeMethodConsideringTimeout(MethodInvocationHelper.java:62)
at org.testng.internal.ConfigInvoker.invokeConfigurationMethod(ConfigInvoker.java:385)
at org.testng.internal.ConfigInvoker.invokeConfigurations(ConfigInvoker.java:321)
at org.testng.SuiteRunner.privateRun(SuiteRunner.java:317)
at org.testng.SuiteRunner.run(SuiteRunner.java:276)
at org.testng.SuiteRunnerWorker.runSuite(SuiteRunnerWorker.java:53)
at org.testng.SuiteRunnerWorker.run(SuiteRunnerWorker.java:96)
at org.testng.TestNG.runSuitesSequentially(TestNG.java:1212)
at org.testng.TestNG.runSuitesLocally(TestNG.java:1134)
at org.testng.TestNG.runSuites(TestNG.java:1063)
at org.testng.TestNG.run(TestNG.java:1031)
at org.testng.remote.AbstractRemoteTestNG.run(AbstractRemoteTestNG.java:115)
at org.testng.remote.RemoteTestNG.initAndRun(RemoteTestNG.java:293)
at org.testng.remote.RemoteTestNG.main(RemoteTestNG.java:91)
]]>
    </failure>
  </testcase> <!-- @BeforeSuite init -->
  <testcase classname="com.bs.project.translator.OpinionTests" name="retrieveTitles" time="0.0">
    <skipped/>
  </testcase> <!-- retrieveTitles -->
  <testcase classname="com.bs.project.translator.OpinionTests" name="countWords" time="0.0">
    <ignored/>
  </testcase> <!-- countWords -->
  <testcase classname="com.bs.project.translator.OpinionTests" name="convertTitlesIntoEnglish" time="0.0">
    <ignored/>
  </testcase> <!-- convertTitlesIntoEnglish -->
</testsuite> <!-- Default test-1 -->
