<?xml version="1.0" encoding="UTF-8"?>
<!-- Generated by org.testng.reporters.JUnitReportReporter -->
<testsuite hostname="DESKTOP-U7APJPA" failures="0" tests="3" name="com.bs.project.translator.OpinionTests" time="0.031" errors="1" timestamp="2025-07-25T17:20:40 IST" skipped="2">
  <testcase classname="com.bs.project.translator.OpinionTests" name="retrieveTitles" time="0.000">
    <skipped/>
  </testcase> <!-- retrieveTitles -->
  <system-out/>
  <testcase classname="com.bs.project.translator.OpinionTests" name="retrieveTitles" time="0.000">
    <skipped/>
  </testcase> <!-- retrieveTitles -->
  <system-out/>
  <testcase classname="com.bs.project.translator.OpinionTests" name="init" time="0.031">
    <error message="Cannot invoke &quot;com.browserstack.v2.instance.AutomationFrameworkInstance.getDriver()&quot; because the return value of &quot;com.browserstack.v2.framework.AutomationFramework.getTrackedInstance()&quot; is null" type="java.lang.NullPointerException">
      <![CDATA[java.lang.NullPointerException: Cannot invoke "com.browserstack.v2.instance.AutomationFrameworkInstance.getDriver()" because the return value of "com.browserstack.v2.framework.AutomationFramework.getTrackedInstance()" is null
at com.bs.manager.TestManager.init(TestManager.java:28)
at java.base/jdk.internal.reflect.DirectMethodHandleAccessor.invoke(DirectMethodHandleAccessor.java:103)
at java.base/java.lang.reflect.Method.invoke(Method.java:580)
at org.testng.internal.MethodInvocationHelper.invokeMethod(MethodInvocationHelper.java:133)
at org.testng.internal.MethodInvocationHelper.invokeMethodConsideringTimeout(MethodInvocationHelper.java:62)
at org.testng.internal.ConfigInvoker.invokeConfigurationMethod(ConfigInvoker.java:385)
at org.testng.internal.ConfigInvoker.invokeConfigurations(ConfigInvoker.java:321)
at org.testng.SuiteRunner.privateRun(SuiteRunner.java:317)
at org.testng.SuiteRunner.run(SuiteRunner.java:276)
at org.testng.SuiteRunnerWorker.runSuite(SuiteRunnerWorker.java:53)
at org.testng.SuiteRunnerWorker.run(SuiteRunnerWorker.java:96)
at org.testng.TestNG.runSuitesSequentially(TestNG.java:1212)
at org.testng.TestNG.runSuitesLocally(TestNG.java:1134)
at org.testng.TestNG.runSuites(TestNG.java:1063)
at org.testng.TestNG.run(TestNG.java:1031)
at org.testng.remote.AbstractRemoteTestNG.run(AbstractRemoteTestNG.java:115)
at org.testng.remote.RemoteTestNG.initAndRun(RemoteTestNG.java:293)
at org.testng.remote.RemoteTestNG.main(RemoteTestNG.java:91)
]]>
    </error>
  </testcase> <!-- init -->
  <system-out/>
</testsuite> <!-- com.bs.project.translator.OpinionTests -->
